The system is: Linux - 2.6.32-24-generic - i686
Compiling the C compiler identification source file "CMakeCCompilerId.c" succeeded.
Compiler: /usr/bin/gcc 
Build flags: 
Id flags: 

The output was:
0


Compilation of the C compiler identification source "CMakeCCompilerId.c" produced "a.out"

The C compiler identification is GNU, found in "/home/extra/src/Squeak-4.0.3.2202-src/build/CMakeFiles/CompilerIdC/a.out"

Compiling the CXX compiler identification source file "CMakeCXXCompilerId.cpp" succeeded.
Compiler: /usr/bin/c++ 
Build flags: 
Id flags: 

The output was:
0
CMakeCXXCompilerId.cpp:76: warning: deprecated conversion from string constant to ‘char*’
CMakeCXXCompilerId.cpp:189: warning: deprecated conversion from string constant to ‘char*’
CMakeCXXCompilerId.cpp:190: warning: deprecated conversion from string constant to ‘char*’


Compilation of the CXX compiler identification source "CMakeCXXCompilerId.cpp" produced "a.out"

The CXX compiler identification is GNU, found in "/home/extra/src/Squeak-4.0.3.2202-src/build/CMakeFiles/CompilerIdCXX/a.out"

Determining if the C compiler works passed with the following output:
Change Dir: /home/extra/src/Squeak-4.0.3.2202-src/build/CMakeFiles/CMakeTmp

Run Build Command:/usr/bin/make "cmTryCompileExec/fast"
/usr/bin/make -f CMakeFiles/cmTryCompileExec.dir/build.make CMakeFiles/cmTryCompileExec.dir/build
make[1]: Entering directory `/home/extra/src/Squeak-4.0.3.2202-src/build/CMakeFiles/CMakeTmp'
/usr/bin/cmake -E cmake_progress_report /home/extra/src/Squeak-4.0.3.2202-src/build/CMakeFiles/CMakeTmp/CMakeFiles 1
Building C object CMakeFiles/cmTryCompileExec.dir/testCCompiler.c.o
/usr/bin/gcc    -o CMakeFiles/cmTryCompileExec.dir/testCCompiler.c.o   -c /home/extra/src/Squeak-4.0.3.2202-src/build/CMakeFiles/CMakeTmp/testCCompiler.c
Linking C executable cmTryCompileExec
/usr/bin/cmake -E cmake_link_script CMakeFiles/cmTryCompileExec.dir/link.txt --verbose=1
/usr/bin/gcc        CMakeFiles/cmTryCompileExec.dir/testCCompiler.c.o  -o cmTryCompileExec -rdynamic 
make[1]: Leaving directory `/home/extra/src/Squeak-4.0.3.2202-src/build/CMakeFiles/CMakeTmp'


Detecting C compiler ABI info compiled with the following output:
Change Dir: /home/extra/src/Squeak-4.0.3.2202-src/build/CMakeFiles/CMakeTmp

Run Build Command:/usr/bin/make "cmTryCompileExec/fast"
/usr/bin/make -f CMakeFiles/cmTryCompileExec.dir/build.make CMakeFiles/cmTryCompileExec.dir/build
make[1]: Entering directory `/home/extra/src/Squeak-4.0.3.2202-src/build/CMakeFiles/CMakeTmp'
/usr/bin/cmake -E cmake_progress_report /home/extra/src/Squeak-4.0.3.2202-src/build/CMakeFiles/CMakeTmp/CMakeFiles 1
Building C object CMakeFiles/cmTryCompileExec.dir/CMakeCCompilerABI.c.o
/usr/bin/gcc    -o CMakeFiles/cmTryCompileExec.dir/CMakeCCompilerABI.c.o   -c /usr/share/cmake-2.8/Modules/CMakeCCompilerABI.c
Linking C executable cmTryCompileExec
/usr/bin/cmake -E cmake_link_script CMakeFiles/cmTryCompileExec.dir/link.txt --verbose=1
/usr/bin/gcc       -v CMakeFiles/cmTryCompileExec.dir/CMakeCCompilerABI.c.o  -o cmTryCompileExec -rdynamic  
Using built-in specs.
Target: i486-linux-gnu
Configured with: ../src/configure -v --with-pkgversion='Ubuntu 4.4.3-4ubuntu5' --with-bugurl=file:///usr/share/doc/gcc-4.4/README.Bugs --enable-languages=c,c++,fortran,objc,obj-c++ --prefix=/usr --enable-shared --enable-multiarch --enable-linker-build-id --with-system-zlib --libexecdir=/usr/lib --without-included-gettext --enable-threads=posix --with-gxx-include-dir=/usr/include/c++/4.4 --program-suffix=-4.4 --enable-nls --enable-clocale=gnu --enable-libstdcxx-debug --enable-plugin --enable-objc-gc --enable-targets=all --disable-werror --with-arch-32=i486 --with-tune=generic --enable-checking=release --build=i486-linux-gnu --host=i486-linux-gnu --target=i486-linux-gnu
Thread model: posix
gcc version 4.4.3 (Ubuntu 4.4.3-4ubuntu5) 
COMPILER_PATH=/usr/lib/gcc/i486-linux-gnu/4.4.3/:/usr/lib/gcc/i486-linux-gnu/4.4.3/:/usr/lib/gcc/i486-linux-gnu/:/usr/lib/gcc/i486-linux-gnu/4.4.3/:/usr/lib/gcc/i486-linux-gnu/:/usr/lib/gcc/i486-linux-gnu/4.4.3/:/usr/lib/gcc/i486-linux-gnu/
LIBRARY_PATH=/usr/lib/gcc/i486-linux-gnu/4.4.3/:/usr/lib/gcc/i486-linux-gnu/4.4.3/:/usr/lib/gcc/i486-linux-gnu/4.4.3/../../../../lib/:/lib/../lib/:/usr/lib/../lib/:/usr/lib/gcc/i486-linux-gnu/4.4.3/../../../:/lib/:/usr/lib/:/usr/lib/i486-linux-gnu/
COLLECT_GCC_OPTIONS='-v' '-o' 'cmTryCompileExec' '-rdynamic' '-mtune=generic' '-march=i486'
 /usr/lib/gcc/i486-linux-gnu/4.4.3/collect2 --build-id --eh-frame-hdr -m elf_i386 --hash-style=both -export-dynamic -dynamic-linker /lib/ld-linux.so.2 -o cmTryCompileExec -z relro /usr/lib/gcc/i486-linux-gnu/4.4.3/../../../../lib/crt1.o /usr/lib/gcc/i486-linux-gnu/4.4.3/../../../../lib/crti.o /usr/lib/gcc/i486-linux-gnu/4.4.3/crtbegin.o -L/usr/lib/gcc/i486-linux-gnu/4.4.3 -L/usr/lib/gcc/i486-linux-gnu/4.4.3 -L/usr/lib/gcc/i486-linux-gnu/4.4.3/../../../../lib -L/lib/../lib -L/usr/lib/../lib -L/usr/lib/gcc/i486-linux-gnu/4.4.3/../../.. -L/usr/lib/i486-linux-gnu CMakeFiles/cmTryCompileExec.dir/CMakeCCompilerABI.c.o -lgcc --as-needed -lgcc_s --no-as-needed -lc -lgcc --as-needed -lgcc_s --no-as-needed /usr/lib/gcc/i486-linux-gnu/4.4.3/crtend.o /usr/lib/gcc/i486-linux-gnu/4.4.3/../../../../lib/crtn.o
make[1]: Leaving directory `/home/extra/src/Squeak-4.0.3.2202-src/build/CMakeFiles/CMakeTmp'


Parsed C implicit link information from above output:
  link line regex: [^( *|.*[/\])(ld|ld|collect2)[^/\]*( |$)]
  ignore line: [Change Dir: /home/extra/src/Squeak-4.0.3.2202-src/build/CMakeFiles/CMakeTmp]
  ignore line: []
  ignore line: [Run Build Command:/usr/bin/make "cmTryCompileExec/fast"]
  ignore line: [/usr/bin/make -f CMakeFiles/cmTryCompileExec.dir/build.make CMakeFiles/cmTryCompileExec.dir/build]
  ignore line: [make[1]: Entering directory `/home/extra/src/Squeak-4.0.3.2202-src/build/CMakeFiles/CMakeTmp']
  ignore line: [/usr/bin/cmake -E cmake_progress_report /home/extra/src/Squeak-4.0.3.2202-src/build/CMakeFiles/CMakeTmp/CMakeFiles 1]
  ignore line: [Building C object CMakeFiles/cmTryCompileExec.dir/CMakeCCompilerABI.c.o]
  ignore line: [/usr/bin/gcc    -o CMakeFiles/cmTryCompileExec.dir/CMakeCCompilerABI.c.o   -c /usr/share/cmake-2.8/Modules/CMakeCCompilerABI.c]
  ignore line: [Linking C executable cmTryCompileExec]
  ignore line: [/usr/bin/cmake -E cmake_link_script CMakeFiles/cmTryCompileExec.dir/link.txt --verbose=1]
  ignore line: [/usr/bin/gcc       -v CMakeFiles/cmTryCompileExec.dir/CMakeCCompilerABI.c.o  -o cmTryCompileExec -rdynamic  ]
  ignore line: [Using built-in specs.]
  ignore line: [Target: i486-linux-gnu]
  ignore line: [Configured with: ../src/configure -v --with-pkgversion='Ubuntu 4.4.3-4ubuntu5' --with-bugurl=file:///usr/share/doc/gcc-4.4/README.Bugs --enable-languages=c,c++,fortran,objc,obj-c++ --prefix=/usr --enable-shared --enable-multiarch --enable-linker-build-id --with-system-zlib --libexecdir=/usr/lib --without-included-gettext --enable-threads=posix --with-gxx-include-dir=/usr/include/c++/4.4 --program-suffix=-4.4 --enable-nls --enable-clocale=gnu --enable-libstdcxx-debug --enable-plugin --enable-objc-gc --enable-targets=all --disable-werror --with-arch-32=i486 --with-tune=generic --enable-checking=release --build=i486-linux-gnu --host=i486-linux-gnu --target=i486-linux-gnu]
  ignore line: [Thread model: posix]
  ignore line: [gcc version 4.4.3 (Ubuntu 4.4.3-4ubuntu5) ]
  ignore line: [COMPILER_PATH=/usr/lib/gcc/i486-linux-gnu/4.4.3/:/usr/lib/gcc/i486-linux-gnu/4.4.3/:/usr/lib/gcc/i486-linux-gnu/:/usr/lib/gcc/i486-linux-gnu/4.4.3/:/usr/lib/gcc/i486-linux-gnu/:/usr/lib/gcc/i486-linux-gnu/4.4.3/:/usr/lib/gcc/i486-linux-gnu/]
  ignore line: [LIBRARY_PATH=/usr/lib/gcc/i486-linux-gnu/4.4.3/:/usr/lib/gcc/i486-linux-gnu/4.4.3/:/usr/lib/gcc/i486-linux-gnu/4.4.3/../../../../lib/:/lib/../lib/:/usr/lib/../lib/:/usr/lib/gcc/i486-linux-gnu/4.4.3/../../../:/lib/:/usr/lib/:/usr/lib/i486-linux-gnu/]
  ignore line: [COLLECT_GCC_OPTIONS='-v' '-o' 'cmTryCompileExec' '-rdynamic' '-mtune=generic' '-march=i486']
  link line: [ /usr/lib/gcc/i486-linux-gnu/4.4.3/collect2 --build-id --eh-frame-hdr -m elf_i386 --hash-style=both -export-dynamic -dynamic-linker /lib/ld-linux.so.2 -o cmTryCompileExec -z relro /usr/lib/gcc/i486-linux-gnu/4.4.3/../../../../lib/crt1.o /usr/lib/gcc/i486-linux-gnu/4.4.3/../../../../lib/crti.o /usr/lib/gcc/i486-linux-gnu/4.4.3/crtbegin.o -L/usr/lib/gcc/i486-linux-gnu/4.4.3 -L/usr/lib/gcc/i486-linux-gnu/4.4.3 -L/usr/lib/gcc/i486-linux-gnu/4.4.3/../../../../lib -L/lib/../lib -L/usr/lib/../lib -L/usr/lib/gcc/i486-linux-gnu/4.4.3/../../.. -L/usr/lib/i486-linux-gnu CMakeFiles/cmTryCompileExec.dir/CMakeCCompilerABI.c.o -lgcc --as-needed -lgcc_s --no-as-needed -lc -lgcc --as-needed -lgcc_s --no-as-needed /usr/lib/gcc/i486-linux-gnu/4.4.3/crtend.o /usr/lib/gcc/i486-linux-gnu/4.4.3/../../../../lib/crtn.o]
    arg [/usr/lib/gcc/i486-linux-gnu/4.4.3/collect2] ==> ignore
    arg [--build-id] ==> ignore
    arg [--eh-frame-hdr] ==> ignore
    arg [-m] ==> ignore
    arg [elf_i386] ==> ignore
    arg [--hash-style=both] ==> ignore
    arg [-export-dynamic] ==> ignore
    arg [-dynamic-linker] ==> ignore
    arg [/lib/ld-linux.so.2] ==> ignore
    arg [-o] ==> ignore
    arg [cmTryCompileExec] ==> ignore
    arg [-zrelro] ==> ignore
    arg [/usr/lib/gcc/i486-linux-gnu/4.4.3/../../../../lib/crt1.o] ==> ignore
    arg [/usr/lib/gcc/i486-linux-gnu/4.4.3/../../../../lib/crti.o] ==> ignore
    arg [/usr/lib/gcc/i486-linux-gnu/4.4.3/crtbegin.o] ==> ignore
    arg [-L/usr/lib/gcc/i486-linux-gnu/4.4.3] ==> dir [/usr/lib/gcc/i486-linux-gnu/4.4.3]
    arg [-L/usr/lib/gcc/i486-linux-gnu/4.4.3] ==> dir [/usr/lib/gcc/i486-linux-gnu/4.4.3]
    arg [-L/usr/lib/gcc/i486-linux-gnu/4.4.3/../../../../lib] ==> dir [/usr/lib/gcc/i486-linux-gnu/4.4.3/../../../../lib]
    arg [-L/lib/../lib] ==> dir [/lib/../lib]
    arg [-L/usr/lib/../lib] ==> dir [/usr/lib/../lib]
    arg [-L/usr/lib/gcc/i486-linux-gnu/4.4.3/../../..] ==> dir [/usr/lib/gcc/i486-linux-gnu/4.4.3/../../..]
    arg [-L/usr/lib/i486-linux-gnu] ==> dir [/usr/lib/i486-linux-gnu]
    arg [CMakeFiles/cmTryCompileExec.dir/CMakeCCompilerABI.c.o] ==> ignore
    arg [-lgcc] ==> lib [gcc]
    arg [--as-needed] ==> ignore
    arg [-lgcc_s] ==> lib [gcc_s]
    arg [--no-as-needed] ==> ignore
    arg [-lc] ==> lib [c]
    arg [-lgcc] ==> lib [gcc]
    arg [--as-needed] ==> ignore
    arg [-lgcc_s] ==> lib [gcc_s]
    arg [--no-as-needed] ==> ignore
    arg [/usr/lib/gcc/i486-linux-gnu/4.4.3/crtend.o] ==> ignore
    arg [/usr/lib/gcc/i486-linux-gnu/4.4.3/../../../../lib/crtn.o] ==> ignore
  remove lib [gcc]
  remove lib [gcc_s]
  remove lib [gcc]
  remove lib [gcc_s]
  collapse dir [/usr/lib/gcc/i486-linux-gnu/4.4.3] ==> [/usr/lib/gcc/i486-linux-gnu/4.4.3]
  collapse dir [/usr/lib/gcc/i486-linux-gnu/4.4.3] ==> [/usr/lib/gcc/i486-linux-gnu/4.4.3]
  collapse dir [/usr/lib/gcc/i486-linux-gnu/4.4.3/../../../../lib] ==> [/usr/lib]
  collapse dir [/lib/../lib] ==> [/lib]
  collapse dir [/usr/lib/../lib] ==> [/usr/lib]
  collapse dir [/usr/lib/gcc/i486-linux-gnu/4.4.3/../../..] ==> [/usr/lib]
  collapse dir [/usr/lib/i486-linux-gnu] ==> [/usr/lib/i486-linux-gnu]
  implicit libs: [c]
  implicit dirs: [/usr/lib/gcc/i486-linux-gnu/4.4.3;/usr/lib;/lib;/usr/lib/i486-linux-gnu]


Determining if the CXX compiler works passed with the following output:
Change Dir: /home/extra/src/Squeak-4.0.3.2202-src/build/CMakeFiles/CMakeTmp

Run Build Command:/usr/bin/make "cmTryCompileExec/fast"
/usr/bin/make -f CMakeFiles/cmTryCompileExec.dir/build.make CMakeFiles/cmTryCompileExec.dir/build
make[1]: Entering directory `/home/extra/src/Squeak-4.0.3.2202-src/build/CMakeFiles/CMakeTmp'
/usr/bin/cmake -E cmake_progress_report /home/extra/src/Squeak-4.0.3.2202-src/build/CMakeFiles/CMakeTmp/CMakeFiles 1
Building CXX object CMakeFiles/cmTryCompileExec.dir/testCXXCompiler.cxx.o
/usr/bin/c++     -o CMakeFiles/cmTryCompileExec.dir/testCXXCompiler.cxx.o -c /home/extra/src/Squeak-4.0.3.2202-src/build/CMakeFiles/CMakeTmp/testCXXCompiler.cxx
Linking CXX executable cmTryCompileExec
/usr/bin/cmake -E cmake_link_script CMakeFiles/cmTryCompileExec.dir/link.txt --verbose=1
/usr/bin/c++         CMakeFiles/cmTryCompileExec.dir/testCXXCompiler.cxx.o  -o cmTryCompileExec -rdynamic 
make[1]: Leaving directory `/home/extra/src/Squeak-4.0.3.2202-src/build/CMakeFiles/CMakeTmp'


Detecting CXX compiler ABI info compiled with the following output:
Change Dir: /home/extra/src/Squeak-4.0.3.2202-src/build/CMakeFiles/CMakeTmp

Run Build Command:/usr/bin/make "cmTryCompileExec/fast"
/usr/bin/make -f CMakeFiles/cmTryCompileExec.dir/build.make CMakeFiles/cmTryCompileExec.dir/build
make[1]: Entering directory `/home/extra/src/Squeak-4.0.3.2202-src/build/CMakeFiles/CMakeTmp'
/usr/bin/cmake -E cmake_progress_report /home/extra/src/Squeak-4.0.3.2202-src/build/CMakeFiles/CMakeTmp/CMakeFiles 1
Building CXX object CMakeFiles/cmTryCompileExec.dir/CMakeCXXCompilerABI.cpp.o
/usr/bin/c++     -o CMakeFiles/cmTryCompileExec.dir/CMakeCXXCompilerABI.cpp.o -c /usr/share/cmake-2.8/Modules/CMakeCXXCompilerABI.cpp
Linking CXX executable cmTryCompileExec
/usr/bin/cmake -E cmake_link_script CMakeFiles/cmTryCompileExec.dir/link.txt --verbose=1
/usr/bin/c++        -v CMakeFiles/cmTryCompileExec.dir/CMakeCXXCompilerABI.cpp.o  -o cmTryCompileExec -rdynamic  
Using built-in specs.
Target: i486-linux-gnu
Configured with: ../src/configure -v --with-pkgversion='Ubuntu 4.4.3-4ubuntu5' --with-bugurl=file:///usr/share/doc/gcc-4.4/README.Bugs --enable-languages=c,c++,fortran,objc,obj-c++ --prefix=/usr --enable-shared --enable-multiarch --enable-linker-build-id --with-system-zlib --libexecdir=/usr/lib --without-included-gettext --enable-threads=posix --with-gxx-include-dir=/usr/include/c++/4.4 --program-suffix=-4.4 --enable-nls --enable-clocale=gnu --enable-libstdcxx-debug --enable-plugin --enable-objc-gc --enable-targets=all --disable-werror --with-arch-32=i486 --with-tune=generic --enable-checking=release --build=i486-linux-gnu --host=i486-linux-gnu --target=i486-linux-gnu
Thread model: posix
gcc version 4.4.3 (Ubuntu 4.4.3-4ubuntu5) 
COMPILER_PATH=/usr/lib/gcc/i486-linux-gnu/4.4.3/:/usr/lib/gcc/i486-linux-gnu/4.4.3/:/usr/lib/gcc/i486-linux-gnu/:/usr/lib/gcc/i486-linux-gnu/4.4.3/:/usr/lib/gcc/i486-linux-gnu/:/usr/lib/gcc/i486-linux-gnu/4.4.3/:/usr/lib/gcc/i486-linux-gnu/
LIBRARY_PATH=/usr/lib/gcc/i486-linux-gnu/4.4.3/:/usr/lib/gcc/i486-linux-gnu/4.4.3/:/usr/lib/gcc/i486-linux-gnu/4.4.3/../../../../lib/:/lib/../lib/:/usr/lib/../lib/:/usr/lib/gcc/i486-linux-gnu/4.4.3/../../../:/lib/:/usr/lib/:/usr/lib/i486-linux-gnu/
COLLECT_GCC_OPTIONS='-v' '-o' 'cmTryCompileExec' '-rdynamic' '-shared-libgcc' '-mtune=generic' '-march=i486'
 /usr/lib/gcc/i486-linux-gnu/4.4.3/collect2 --build-id --eh-frame-hdr -m elf_i386 --hash-style=both -export-dynamic -dynamic-linker /lib/ld-linux.so.2 -o cmTryCompileExec -z relro /usr/lib/gcc/i486-linux-gnu/4.4.3/../../../../lib/crt1.o /usr/lib/gcc/i486-linux-gnu/4.4.3/../../../../lib/crti.o /usr/lib/gcc/i486-linux-gnu/4.4.3/crtbegin.o -L/usr/lib/gcc/i486-linux-gnu/4.4.3 -L/usr/lib/gcc/i486-linux-gnu/4.4.3 -L/usr/lib/gcc/i486-linux-gnu/4.4.3/../../../../lib -L/lib/../lib -L/usr/lib/../lib -L/usr/lib/gcc/i486-linux-gnu/4.4.3/../../.. -L/usr/lib/i486-linux-gnu CMakeFiles/cmTryCompileExec.dir/CMakeCXXCompilerABI.cpp.o -lstdc++ -lm -lgcc_s -lgcc -lc -lgcc_s -lgcc /usr/lib/gcc/i486-linux-gnu/4.4.3/crtend.o /usr/lib/gcc/i486-linux-gnu/4.4.3/../../../../lib/crtn.o
make[1]: Leaving directory `/home/extra/src/Squeak-4.0.3.2202-src/build/CMakeFiles/CMakeTmp'


Parsed CXX implicit link information from above output:
  link line regex: [^( *|.*[/\])(ld|ld|collect2)[^/\]*( |$)]
  ignore line: [Change Dir: /home/extra/src/Squeak-4.0.3.2202-src/build/CMakeFiles/CMakeTmp]
  ignore line: []
  ignore line: [Run Build Command:/usr/bin/make "cmTryCompileExec/fast"]
  ignore line: [/usr/bin/make -f CMakeFiles/cmTryCompileExec.dir/build.make CMakeFiles/cmTryCompileExec.dir/build]
  ignore line: [make[1]: Entering directory `/home/extra/src/Squeak-4.0.3.2202-src/build/CMakeFiles/CMakeTmp']
  ignore line: [/usr/bin/cmake -E cmake_progress_report /home/extra/src/Squeak-4.0.3.2202-src/build/CMakeFiles/CMakeTmp/CMakeFiles 1]
  ignore line: [Building CXX object CMakeFiles/cmTryCompileExec.dir/CMakeCXXCompilerABI.cpp.o]
  ignore line: [/usr/bin/c++     -o CMakeFiles/cmTryCompileExec.dir/CMakeCXXCompilerABI.cpp.o -c /usr/share/cmake-2.8/Modules/CMakeCXXCompilerABI.cpp]
  ignore line: [Linking CXX executable cmTryCompileExec]
  ignore line: [/usr/bin/cmake -E cmake_link_script CMakeFiles/cmTryCompileExec.dir/link.txt --verbose=1]
  ignore line: [/usr/bin/c++        -v CMakeFiles/cmTryCompileExec.dir/CMakeCXXCompilerABI.cpp.o  -o cmTryCompileExec -rdynamic  ]
  ignore line: [Using built-in specs.]
  ignore line: [Target: i486-linux-gnu]
  ignore line: [Configured with: ../src/configure -v --with-pkgversion='Ubuntu 4.4.3-4ubuntu5' --with-bugurl=file:///usr/share/doc/gcc-4.4/README.Bugs --enable-languages=c,c++,fortran,objc,obj-c++ --prefix=/usr --enable-shared --enable-multiarch --enable-linker-build-id --with-system-zlib --libexecdir=/usr/lib --without-included-gettext --enable-threads=posix --with-gxx-include-dir=/usr/include/c++/4.4 --program-suffix=-4.4 --enable-nls --enable-clocale=gnu --enable-libstdcxx-debug --enable-plugin --enable-objc-gc --enable-targets=all --disable-werror --with-arch-32=i486 --with-tune=generic --enable-checking=release --build=i486-linux-gnu --host=i486-linux-gnu --target=i486-linux-gnu]
  ignore line: [Thread model: posix]
  ignore line: [gcc version 4.4.3 (Ubuntu 4.4.3-4ubuntu5) ]
  ignore line: [COMPILER_PATH=/usr/lib/gcc/i486-linux-gnu/4.4.3/:/usr/lib/gcc/i486-linux-gnu/4.4.3/:/usr/lib/gcc/i486-linux-gnu/:/usr/lib/gcc/i486-linux-gnu/4.4.3/:/usr/lib/gcc/i486-linux-gnu/:/usr/lib/gcc/i486-linux-gnu/4.4.3/:/usr/lib/gcc/i486-linux-gnu/]
  ignore line: [LIBRARY_PATH=/usr/lib/gcc/i486-linux-gnu/4.4.3/:/usr/lib/gcc/i486-linux-gnu/4.4.3/:/usr/lib/gcc/i486-linux-gnu/4.4.3/../../../../lib/:/lib/../lib/:/usr/lib/../lib/:/usr/lib/gcc/i486-linux-gnu/4.4.3/../../../:/lib/:/usr/lib/:/usr/lib/i486-linux-gnu/]
  ignore line: [COLLECT_GCC_OPTIONS='-v' '-o' 'cmTryCompileExec' '-rdynamic' '-shared-libgcc' '-mtune=generic' '-march=i486']
  link line: [ /usr/lib/gcc/i486-linux-gnu/4.4.3/collect2 --build-id --eh-frame-hdr -m elf_i386 --hash-style=both -export-dynamic -dynamic-linker /lib/ld-linux.so.2 -o cmTryCompileExec -z relro /usr/lib/gcc/i486-linux-gnu/4.4.3/../../../../lib/crt1.o /usr/lib/gcc/i486-linux-gnu/4.4.3/../../../../lib/crti.o /usr/lib/gcc/i486-linux-gnu/4.4.3/crtbegin.o -L/usr/lib/gcc/i486-linux-gnu/4.4.3 -L/usr/lib/gcc/i486-linux-gnu/4.4.3 -L/usr/lib/gcc/i486-linux-gnu/4.4.3/../../../../lib -L/lib/../lib -L/usr/lib/../lib -L/usr/lib/gcc/i486-linux-gnu/4.4.3/../../.. -L/usr/lib/i486-linux-gnu CMakeFiles/cmTryCompileExec.dir/CMakeCXXCompilerABI.cpp.o -lstdc++ -lm -lgcc_s -lgcc -lc -lgcc_s -lgcc /usr/lib/gcc/i486-linux-gnu/4.4.3/crtend.o /usr/lib/gcc/i486-linux-gnu/4.4.3/../../../../lib/crtn.o]
    arg [/usr/lib/gcc/i486-linux-gnu/4.4.3/collect2] ==> ignore
    arg [--build-id] ==> ignore
    arg [--eh-frame-hdr] ==> ignore
    arg [-m] ==> ignore
    arg [elf_i386] ==> ignore
    arg [--hash-style=both] ==> ignore
    arg [-export-dynamic] ==> ignore
    arg [-dynamic-linker] ==> ignore
    arg [/lib/ld-linux.so.2] ==> ignore
    arg [-o] ==> ignore
    arg [cmTryCompileExec] ==> ignore
    arg [-zrelro] ==> ignore
    arg [/usr/lib/gcc/i486-linux-gnu/4.4.3/../../../../lib/crt1.o] ==> ignore
    arg [/usr/lib/gcc/i486-linux-gnu/4.4.3/../../../../lib/crti.o] ==> ignore
    arg [/usr/lib/gcc/i486-linux-gnu/4.4.3/crtbegin.o] ==> ignore
    arg [-L/usr/lib/gcc/i486-linux-gnu/4.4.3] ==> dir [/usr/lib/gcc/i486-linux-gnu/4.4.3]
    arg [-L/usr/lib/gcc/i486-linux-gnu/4.4.3] ==> dir [/usr/lib/gcc/i486-linux-gnu/4.4.3]
    arg [-L/usr/lib/gcc/i486-linux-gnu/4.4.3/../../../../lib] ==> dir [/usr/lib/gcc/i486-linux-gnu/4.4.3/../../../../lib]
    arg [-L/lib/../lib] ==> dir [/lib/../lib]
    arg [-L/usr/lib/../lib] ==> dir [/usr/lib/../lib]
    arg [-L/usr/lib/gcc/i486-linux-gnu/4.4.3/../../..] ==> dir [/usr/lib/gcc/i486-linux-gnu/4.4.3/../../..]
    arg [-L/usr/lib/i486-linux-gnu] ==> dir [/usr/lib/i486-linux-gnu]
    arg [CMakeFiles/cmTryCompileExec.dir/CMakeCXXCompilerABI.cpp.o] ==> ignore
    arg [-lstdc++] ==> lib [stdc++]
    arg [-lm] ==> lib [m]
    arg [-lgcc_s] ==> lib [gcc_s]
    arg [-lgcc] ==> lib [gcc]
    arg [-lc] ==> lib [c]
    arg [-lgcc_s] ==> lib [gcc_s]
    arg [-lgcc] ==> lib [gcc]
    arg [/usr/lib/gcc/i486-linux-gnu/4.4.3/crtend.o] ==> ignore
    arg [/usr/lib/gcc/i486-linux-gnu/4.4.3/../../../../lib/crtn.o] ==> ignore
  remove lib [gcc_s]
  remove lib [gcc]
  remove lib [gcc_s]
  remove lib [gcc]
  collapse dir [/usr/lib/gcc/i486-linux-gnu/4.4.3] ==> [/usr/lib/gcc/i486-linux-gnu/4.4.3]
  collapse dir [/usr/lib/gcc/i486-linux-gnu/4.4.3] ==> [/usr/lib/gcc/i486-linux-gnu/4.4.3]
  collapse dir [/usr/lib/gcc/i486-linux-gnu/4.4.3/../../../../lib] ==> [/usr/lib]
  collapse dir [/lib/../lib] ==> [/lib]
  collapse dir [/usr/lib/../lib] ==> [/usr/lib]
  collapse dir [/usr/lib/gcc/i486-linux-gnu/4.4.3/../../..] ==> [/usr/lib]
  collapse dir [/usr/lib/i486-linux-gnu] ==> [/usr/lib/i486-linux-gnu]
  implicit libs: [stdc++;m;c]
  implicit dirs: [/usr/lib/gcc/i486-linux-gnu/4.4.3;/usr/lib;/lib;/usr/lib/i486-linux-gnu]


Determining if the function XOpenDisplay exists in the /usr/lib/libX11.so;/usr/lib/libXext.so passed with the following output:
Change Dir: /home/extra/src/Squeak-4.0.3.2202-src/build/CMakeFiles/CMakeTmp

Run Build Command:/usr/bin/make "cmTryCompileExec/fast"
/usr/bin/make -f CMakeFiles/cmTryCompileExec.dir/build.make CMakeFiles/cmTryCompileExec.dir/build
make[1]: Entering directory `/home/extra/src/Squeak-4.0.3.2202-src/build/CMakeFiles/CMakeTmp'
/usr/bin/cmake -E cmake_progress_report /home/extra/src/Squeak-4.0.3.2202-src/build/CMakeFiles/CMakeTmp/CMakeFiles 1
Building C object CMakeFiles/cmTryCompileExec.dir/CheckFunctionExists.c.o
/usr/bin/gcc   -g -O2 -fomit-frame-pointer  -DCHECK_FUNCTION_EXISTS=XOpenDisplay   -o CMakeFiles/cmTryCompileExec.dir/CheckFunctionExists.c.o   -c /usr/share/cmake-2.8/Modules/CheckFunctionExists.c
Linking C executable cmTryCompileExec
/usr/bin/cmake -E cmake_link_script CMakeFiles/cmTryCompileExec.dir/link.txt --verbose=1
/usr/bin/gcc   -g -O2 -fomit-frame-pointer  -DCHECK_FUNCTION_EXISTS=XOpenDisplay   CMakeFiles/cmTryCompileExec.dir/CheckFunctionExists.c.o  -o cmTryCompileExec -rdynamic -lX11 -lXext 
make[1]: Leaving directory `/home/extra/src/Squeak-4.0.3.2202-src/build/CMakeFiles/CMakeTmp'


Determining if the function gethostbyname exists passed with the following output:
Change Dir: /home/extra/src/Squeak-4.0.3.2202-src/build/CMakeFiles/CMakeTmp

Run Build Command:/usr/bin/make "cmTryCompileExec/fast"
/usr/bin/make -f CMakeFiles/cmTryCompileExec.dir/build.make CMakeFiles/cmTryCompileExec.dir/build
make[1]: Entering directory `/home/extra/src/Squeak-4.0.3.2202-src/build/CMakeFiles/CMakeTmp'
/usr/bin/cmake -E cmake_progress_report /home/extra/src/Squeak-4.0.3.2202-src/build/CMakeFiles/CMakeTmp/CMakeFiles 1
Building C object CMakeFiles/cmTryCompileExec.dir/CheckFunctionExists.c.o
/usr/bin/gcc   -g -O2 -fomit-frame-pointer  -DCHECK_FUNCTION_EXISTS=gethostbyname   -o CMakeFiles/cmTryCompileExec.dir/CheckFunctionExists.c.o   -c /usr/share/cmake-2.8/Modules/CheckFunctionExists.c
Linking C executable cmTryCompileExec
/usr/bin/cmake -E cmake_link_script CMakeFiles/cmTryCompileExec.dir/link.txt --verbose=1
/usr/bin/gcc   -g -O2 -fomit-frame-pointer  -DCHECK_FUNCTION_EXISTS=gethostbyname   CMakeFiles/cmTryCompileExec.dir/CheckFunctionExists.c.o  -o cmTryCompileExec -rdynamic 
make[1]: Leaving directory `/home/extra/src/Squeak-4.0.3.2202-src/build/CMakeFiles/CMakeTmp'


Determining if the function connect exists passed with the following output:
Change Dir: /home/extra/src/Squeak-4.0.3.2202-src/build/CMakeFiles/CMakeTmp

Run Build Command:/usr/bin/make "cmTryCompileExec/fast"
/usr/bin/make -f CMakeFiles/cmTryCompileExec.dir/build.make CMakeFiles/cmTryCompileExec.dir/build
make[1]: Entering directory `/home/extra/src/Squeak-4.0.3.2202-src/build/CMakeFiles/CMakeTmp'
/usr/bin/cmake -E cmake_progress_report /home/extra/src/Squeak-4.0.3.2202-src/build/CMakeFiles/CMakeTmp/CMakeFiles 1
Building C object CMakeFiles/cmTryCompileExec.dir/CheckFunctionExists.c.o
/usr/bin/gcc   -g -O2 -fomit-frame-pointer  -DCHECK_FUNCTION_EXISTS=connect   -o CMakeFiles/cmTryCompileExec.dir/CheckFunctionExists.c.o   -c /usr/share/cmake-2.8/Modules/CheckFunctionExists.c
Linking C executable cmTryCompileExec
/usr/bin/cmake -E cmake_link_script CMakeFiles/cmTryCompileExec.dir/link.txt --verbose=1
/usr/bin/gcc   -g -O2 -fomit-frame-pointer  -DCHECK_FUNCTION_EXISTS=connect   CMakeFiles/cmTryCompileExec.dir/CheckFunctionExists.c.o  -o cmTryCompileExec -rdynamic 
make[1]: Leaving directory `/home/extra/src/Squeak-4.0.3.2202-src/build/CMakeFiles/CMakeTmp'


Determining if the function remove exists passed with the following output:
Change Dir: /home/extra/src/Squeak-4.0.3.2202-src/build/CMakeFiles/CMakeTmp

Run Build Command:/usr/bin/make "cmTryCompileExec/fast"
/usr/bin/make -f CMakeFiles/cmTryCompileExec.dir/build.make CMakeFiles/cmTryCompileExec.dir/build
make[1]: Entering directory `/home/extra/src/Squeak-4.0.3.2202-src/build/CMakeFiles/CMakeTmp'
/usr/bin/cmake -E cmake_progress_report /home/extra/src/Squeak-4.0.3.2202-src/build/CMakeFiles/CMakeTmp/CMakeFiles 1
Building C object CMakeFiles/cmTryCompileExec.dir/CheckFunctionExists.c.o
/usr/bin/gcc   -g -O2 -fomit-frame-pointer  -DCHECK_FUNCTION_EXISTS=remove   -o CMakeFiles/cmTryCompileExec.dir/CheckFunctionExists.c.o   -c /usr/share/cmake-2.8/Modules/CheckFunctionExists.c
Linking C executable cmTryCompileExec
/usr/bin/cmake -E cmake_link_script CMakeFiles/cmTryCompileExec.dir/link.txt --verbose=1
/usr/bin/gcc   -g -O2 -fomit-frame-pointer  -DCHECK_FUNCTION_EXISTS=remove   CMakeFiles/cmTryCompileExec.dir/CheckFunctionExists.c.o  -o cmTryCompileExec -rdynamic 
make[1]: Leaving directory `/home/extra/src/Squeak-4.0.3.2202-src/build/CMakeFiles/CMakeTmp'


Determining if the function shmat exists passed with the following output:
Change Dir: /home/extra/src/Squeak-4.0.3.2202-src/build/CMakeFiles/CMakeTmp

Run Build Command:/usr/bin/make "cmTryCompileExec/fast"
/usr/bin/make -f CMakeFiles/cmTryCompileExec.dir/build.make CMakeFiles/cmTryCompileExec.dir/build
make[1]: Entering directory `/home/extra/src/Squeak-4.0.3.2202-src/build/CMakeFiles/CMakeTmp'
/usr/bin/cmake -E cmake_progress_report /home/extra/src/Squeak-4.0.3.2202-src/build/CMakeFiles/CMakeTmp/CMakeFiles 1
Building C object CMakeFiles/cmTryCompileExec.dir/CheckFunctionExists.c.o
/usr/bin/gcc   -g -O2 -fomit-frame-pointer  -DCHECK_FUNCTION_EXISTS=shmat   -o CMakeFiles/cmTryCompileExec.dir/CheckFunctionExists.c.o   -c /usr/share/cmake-2.8/Modules/CheckFunctionExists.c
Linking C executable cmTryCompileExec
/usr/bin/cmake -E cmake_link_script CMakeFiles/cmTryCompileExec.dir/link.txt --verbose=1
/usr/bin/gcc   -g -O2 -fomit-frame-pointer  -DCHECK_FUNCTION_EXISTS=shmat   CMakeFiles/cmTryCompileExec.dir/CheckFunctionExists.c.o  -o cmTryCompileExec -rdynamic 
make[1]: Leaving directory `/home/extra/src/Squeak-4.0.3.2202-src/build/CMakeFiles/CMakeTmp'


Determining if the function IceConnectionNumber exists in the ICE passed with the following output:
Change Dir: /home/extra/src/Squeak-4.0.3.2202-src/build/CMakeFiles/CMakeTmp

Run Build Command:/usr/bin/make "cmTryCompileExec/fast"
/usr/bin/make -f CMakeFiles/cmTryCompileExec.dir/build.make CMakeFiles/cmTryCompileExec.dir/build
make[1]: Entering directory `/home/extra/src/Squeak-4.0.3.2202-src/build/CMakeFiles/CMakeTmp'
/usr/bin/cmake -E cmake_progress_report /home/extra/src/Squeak-4.0.3.2202-src/build/CMakeFiles/CMakeTmp/CMakeFiles 1
Building C object CMakeFiles/cmTryCompileExec.dir/CheckFunctionExists.c.o
/usr/bin/gcc   -g -O2 -fomit-frame-pointer  -DCHECK_FUNCTION_EXISTS=IceConnectionNumber   -o CMakeFiles/cmTryCompileExec.dir/CheckFunctionExists.c.o   -c /usr/share/cmake-2.8/Modules/CheckFunctionExists.c
Linking C executable cmTryCompileExec
/usr/bin/cmake -E cmake_link_script CMakeFiles/cmTryCompileExec.dir/link.txt --verbose=1
/usr/bin/gcc   -g -O2 -fomit-frame-pointer  -DCHECK_FUNCTION_EXISTS=IceConnectionNumber   CMakeFiles/cmTryCompileExec.dir/CheckFunctionExists.c.o  -o cmTryCompileExec -rdynamic -lICE 
make[1]: Leaving directory `/home/extra/src/Squeak-4.0.3.2202-src/build/CMakeFiles/CMakeTmp'


Determining if the include file sys/types.h exists passed with the following output:
Change Dir: /home/extra/src/Squeak-4.0.3.2202-src/build/CMakeFiles/CMakeTmp

Run Build Command:/usr/bin/make "cmTryCompileExec/fast"
/usr/bin/make -f CMakeFiles/cmTryCompileExec.dir/build.make CMakeFiles/cmTryCompileExec.dir/build
make[1]: Entering directory `/home/extra/src/Squeak-4.0.3.2202-src/build/CMakeFiles/CMakeTmp'
/usr/bin/cmake -E cmake_progress_report /home/extra/src/Squeak-4.0.3.2202-src/build/CMakeFiles/CMakeTmp/CMakeFiles 1
Building C object CMakeFiles/cmTryCompileExec.dir/CheckIncludeFile.c.o
/usr/bin/gcc   -g -O2 -fomit-frame-pointer     -o CMakeFiles/cmTryCompileExec.dir/CheckIncludeFile.c.o   -c /home/extra/src/Squeak-4.0.3.2202-src/build/CMakeFiles/CMakeTmp/CheckIncludeFile.c
Linking C executable cmTryCompileExec
/usr/bin/cmake -E cmake_link_script CMakeFiles/cmTryCompileExec.dir/link.txt --verbose=1
/usr/bin/gcc   -g -O2 -fomit-frame-pointer     CMakeFiles/cmTryCompileExec.dir/CheckIncludeFile.c.o  -o cmTryCompileExec -rdynamic 
make[1]: Leaving directory `/home/extra/src/Squeak-4.0.3.2202-src/build/CMakeFiles/CMakeTmp'


Determining if the include file stdint.h exists passed with the following output:
Change Dir: /home/extra/src/Squeak-4.0.3.2202-src/build/CMakeFiles/CMakeTmp

Run Build Command:/usr/bin/make "cmTryCompileExec/fast"
/usr/bin/make -f CMakeFiles/cmTryCompileExec.dir/build.make CMakeFiles/cmTryCompileExec.dir/build
make[1]: Entering directory `/home/extra/src/Squeak-4.0.3.2202-src/build/CMakeFiles/CMakeTmp'
/usr/bin/cmake -E cmake_progress_report /home/extra/src/Squeak-4.0.3.2202-src/build/CMakeFiles/CMakeTmp/CMakeFiles 1
Building C object CMakeFiles/cmTryCompileExec.dir/CheckIncludeFile.c.o
/usr/bin/gcc   -g -O2 -fomit-frame-pointer     -o CMakeFiles/cmTryCompileExec.dir/CheckIncludeFile.c.o   -c /home/extra/src/Squeak-4.0.3.2202-src/build/CMakeFiles/CMakeTmp/CheckIncludeFile.c
Linking C executable cmTryCompileExec
/usr/bin/cmake -E cmake_link_script CMakeFiles/cmTryCompileExec.dir/link.txt --verbose=1
/usr/bin/gcc   -g -O2 -fomit-frame-pointer     CMakeFiles/cmTryCompileExec.dir/CheckIncludeFile.c.o  -o cmTryCompileExec -rdynamic 
make[1]: Leaving directory `/home/extra/src/Squeak-4.0.3.2202-src/build/CMakeFiles/CMakeTmp'


Determining if the include file stddef.h exists passed with the following output:
Change Dir: /home/extra/src/Squeak-4.0.3.2202-src/build/CMakeFiles/CMakeTmp

Run Build Command:/usr/bin/make "cmTryCompileExec/fast"
/usr/bin/make -f CMakeFiles/cmTryCompileExec.dir/build.make CMakeFiles/cmTryCompileExec.dir/build
make[1]: Entering directory `/home/extra/src/Squeak-4.0.3.2202-src/build/CMakeFiles/CMakeTmp'
/usr/bin/cmake -E cmake_progress_report /home/extra/src/Squeak-4.0.3.2202-src/build/CMakeFiles/CMakeTmp/CMakeFiles 1
Building C object CMakeFiles/cmTryCompileExec.dir/CheckIncludeFile.c.o
/usr/bin/gcc   -g -O2 -fomit-frame-pointer     -o CMakeFiles/cmTryCompileExec.dir/CheckIncludeFile.c.o   -c /home/extra/src/Squeak-4.0.3.2202-src/build/CMakeFiles/CMakeTmp/CheckIncludeFile.c
Linking C executable cmTryCompileExec
/usr/bin/cmake -E cmake_link_script CMakeFiles/cmTryCompileExec.dir/link.txt --verbose=1
/usr/bin/gcc   -g -O2 -fomit-frame-pointer     CMakeFiles/cmTryCompileExec.dir/CheckIncludeFile.c.o  -o cmTryCompileExec -rdynamic 
make[1]: Leaving directory `/home/extra/src/Squeak-4.0.3.2202-src/build/CMakeFiles/CMakeTmp'


Determining size of unsigned short passed with the following output:
Change Dir: /home/extra/src/Squeak-4.0.3.2202-src/build/CMakeFiles/CMakeTmp

Run Build Command:/usr/bin/make "cmTryCompileExec/fast"
/usr/bin/make -f CMakeFiles/cmTryCompileExec.dir/build.make CMakeFiles/cmTryCompileExec.dir/build
make[1]: Entering directory `/home/extra/src/Squeak-4.0.3.2202-src/build/CMakeFiles/CMakeTmp'
/usr/bin/cmake -E cmake_progress_report /home/extra/src/Squeak-4.0.3.2202-src/build/CMakeFiles/CMakeTmp/CMakeFiles 1
Building C object CMakeFiles/cmTryCompileExec.dir/CMAKE_SIZEOF_UNSIGNED_SHORT.c.o
/usr/bin/gcc   -g -O2 -fomit-frame-pointer     -o CMakeFiles/cmTryCompileExec.dir/CMAKE_SIZEOF_UNSIGNED_SHORT.c.o   -c /home/extra/src/Squeak-4.0.3.2202-src/build/CMakeFiles/CheckTypeSize/CMAKE_SIZEOF_UNSIGNED_SHORT.c
Linking C executable cmTryCompileExec
/usr/bin/cmake -E cmake_link_script CMakeFiles/cmTryCompileExec.dir/link.txt --verbose=1
/usr/bin/gcc   -g -O2 -fomit-frame-pointer     CMakeFiles/cmTryCompileExec.dir/CMAKE_SIZEOF_UNSIGNED_SHORT.c.o  -o cmTryCompileExec -rdynamic 
make[1]: Leaving directory `/home/extra/src/Squeak-4.0.3.2202-src/build/CMakeFiles/CMakeTmp'


Determining if the function atexit exists passed with the following output:
Change Dir: /home/extra/src/Squeak-4.0.3.2202-src/build/CMakeFiles/CMakeTmp

Run Build Command:/usr/bin/make "cmTryCompileExec/fast"
/usr/bin/make -f CMakeFiles/cmTryCompileExec.dir/build.make CMakeFiles/cmTryCompileExec.dir/build
make[1]: Entering directory `/home/extra/src/Squeak-4.0.3.2202-src/build/CMakeFiles/CMakeTmp'
/usr/bin/cmake -E cmake_progress_report /home/extra/src/Squeak-4.0.3.2202-src/build/CMakeFiles/CMakeTmp/CMakeFiles 1
Building C object CMakeFiles/cmTryCompileExec.dir/CheckFunctionExists.c.o
/usr/bin/gcc   -g -O2 -fomit-frame-pointer  -DCHECK_FUNCTION_EXISTS=atexit   -o CMakeFiles/cmTryCompileExec.dir/CheckFunctionExists.c.o   -c /usr/share/cmake-2.8/Modules/CheckFunctionExists.c
Linking C executable cmTryCompileExec
/usr/bin/cmake -E cmake_link_script CMakeFiles/cmTryCompileExec.dir/link.txt --verbose=1
/usr/bin/gcc   -g -O2 -fomit-frame-pointer  -DCHECK_FUNCTION_EXISTS=atexit   CMakeFiles/cmTryCompileExec.dir/CheckFunctionExists.c.o  -o cmTryCompileExec -rdynamic 
make[1]: Leaving directory `/home/extra/src/Squeak-4.0.3.2202-src/build/CMakeFiles/CMakeTmp'


Determining if the function on_exit exists passed with the following output:
Change Dir: /home/extra/src/Squeak-4.0.3.2202-src/build/CMakeFiles/CMakeTmp

Run Build Command:/usr/bin/make "cmTryCompileExec/fast"
/usr/bin/make -f CMakeFiles/cmTryCompileExec.dir/build.make CMakeFiles/cmTryCompileExec.dir/build
make[1]: Entering directory `/home/extra/src/Squeak-4.0.3.2202-src/build/CMakeFiles/CMakeTmp'
/usr/bin/cmake -E cmake_progress_report /home/extra/src/Squeak-4.0.3.2202-src/build/CMakeFiles/CMakeTmp/CMakeFiles 1
Building C object CMakeFiles/cmTryCompileExec.dir/CheckFunctionExists.c.o
/usr/bin/gcc   -g -O2 -fomit-frame-pointer  -DCHECK_FUNCTION_EXISTS=on_exit   -o CMakeFiles/cmTryCompileExec.dir/CheckFunctionExists.c.o   -c /usr/share/cmake-2.8/Modules/CheckFunctionExists.c
Linking C executable cmTryCompileExec
/usr/bin/cmake -E cmake_link_script CMakeFiles/cmTryCompileExec.dir/link.txt --verbose=1
/usr/bin/gcc   -g -O2 -fomit-frame-pointer  -DCHECK_FUNCTION_EXISTS=on_exit   CMakeFiles/cmTryCompileExec.dir/CheckFunctionExists.c.o  -o cmTryCompileExec -rdynamic 
make[1]: Leaving directory `/home/extra/src/Squeak-4.0.3.2202-src/build/CMakeFiles/CMakeTmp'


Determining if the include file interp.h exists passed with the following output:
Change Dir: /home/extra/src/Squeak-4.0.3.2202-src/build/CMakeFiles/CMakeTmp

Run Build Command:/usr/bin/make "cmTryCompileExec/fast"
/usr/bin/make -f CMakeFiles/cmTryCompileExec.dir/build.make CMakeFiles/cmTryCompileExec.dir/build
make[1]: Entering directory `/home/extra/src/Squeak-4.0.3.2202-src/build/CMakeFiles/CMakeTmp'
/usr/bin/cmake -E cmake_progress_report /home/extra/src/Squeak-4.0.3.2202-src/build/CMakeFiles/CMakeTmp/CMakeFiles 1
Building C object CMakeFiles/cmTryCompileExec.dir/CheckIncludeFile.c.o
/usr/bin/gcc   -g -O2 -fomit-frame-pointer -I/home/extra/src/Squeak-4.0.3.2202-src/unix/src/vm     -o CMakeFiles/cmTryCompileExec.dir/CheckIncludeFile.c.o   -c /home/extra/src/Squeak-4.0.3.2202-src/build/CMakeFiles/CMakeTmp/CheckIncludeFile.c
Linking C executable cmTryCompileExec
/usr/bin/cmake -E cmake_link_script CMakeFiles/cmTryCompileExec.dir/link.txt --verbose=1
/usr/bin/gcc   -g -O2 -fomit-frame-pointer -I/home/extra/src/Squeak-4.0.3.2202-src/unix/src/vm     CMakeFiles/cmTryCompileExec.dir/CheckIncludeFile.c.o  -o cmTryCompileExec -rdynamic 
make[1]: Leaving directory `/home/extra/src/Squeak-4.0.3.2202-src/build/CMakeFiles/CMakeTmp'


Determining size of int passed with the following output:
Change Dir: /home/extra/src/Squeak-4.0.3.2202-src/build/CMakeFiles/CMakeTmp

Run Build Command:/usr/bin/make "cmTryCompileExec/fast"
/usr/bin/make -f CMakeFiles/cmTryCompileExec.dir/build.make CMakeFiles/cmTryCompileExec.dir/build
make[1]: Entering directory `/home/extra/src/Squeak-4.0.3.2202-src/build/CMakeFiles/CMakeTmp'
/usr/bin/cmake -E cmake_progress_report /home/extra/src/Squeak-4.0.3.2202-src/build/CMakeFiles/CMakeTmp/CMakeFiles 1
Building C object CMakeFiles/cmTryCompileExec.dir/SIZEOF_INT.c.o
/usr/bin/gcc   -g -O2 -fomit-frame-pointer     -o CMakeFiles/cmTryCompileExec.dir/SIZEOF_INT.c.o   -c /home/extra/src/Squeak-4.0.3.2202-src/build/CMakeFiles/CheckTypeSize/SIZEOF_INT.c
Linking C executable cmTryCompileExec
/usr/bin/cmake -E cmake_link_script CMakeFiles/cmTryCompileExec.dir/link.txt --verbose=1
/usr/bin/gcc   -g -O2 -fomit-frame-pointer     CMakeFiles/cmTryCompileExec.dir/SIZEOF_INT.c.o  -o cmTryCompileExec -rdynamic 
make[1]: Leaving directory `/home/extra/src/Squeak-4.0.3.2202-src/build/CMakeFiles/CMakeTmp'


Determining size of long passed with the following output:
Change Dir: /home/extra/src/Squeak-4.0.3.2202-src/build/CMakeFiles/CMakeTmp

Run Build Command:/usr/bin/make "cmTryCompileExec/fast"
/usr/bin/make -f CMakeFiles/cmTryCompileExec.dir/build.make CMakeFiles/cmTryCompileExec.dir/build
make[1]: Entering directory `/home/extra/src/Squeak-4.0.3.2202-src/build/CMakeFiles/CMakeTmp'
/usr/bin/cmake -E cmake_progress_report /home/extra/src/Squeak-4.0.3.2202-src/build/CMakeFiles/CMakeTmp/CMakeFiles 1
Building C object CMakeFiles/cmTryCompileExec.dir/SIZEOF_LONG.c.o
/usr/bin/gcc   -g -O2 -fomit-frame-pointer     -o CMakeFiles/cmTryCompileExec.dir/SIZEOF_LONG.c.o   -c /home/extra/src/Squeak-4.0.3.2202-src/build/CMakeFiles/CheckTypeSize/SIZEOF_LONG.c
Linking C executable cmTryCompileExec
/usr/bin/cmake -E cmake_link_script CMakeFiles/cmTryCompileExec.dir/link.txt --verbose=1
/usr/bin/gcc   -g -O2 -fomit-frame-pointer     CMakeFiles/cmTryCompileExec.dir/SIZEOF_LONG.c.o  -o cmTryCompileExec -rdynamic 
make[1]: Leaving directory `/home/extra/src/Squeak-4.0.3.2202-src/build/CMakeFiles/CMakeTmp'


Determining size of long long passed with the following output:
Change Dir: /home/extra/src/Squeak-4.0.3.2202-src/build/CMakeFiles/CMakeTmp

Run Build Command:/usr/bin/make "cmTryCompileExec/fast"
/usr/bin/make -f CMakeFiles/cmTryCompileExec.dir/build.make CMakeFiles/cmTryCompileExec.dir/build
make[1]: Entering directory `/home/extra/src/Squeak-4.0.3.2202-src/build/CMakeFiles/CMakeTmp'
/usr/bin/cmake -E cmake_progress_report /home/extra/src/Squeak-4.0.3.2202-src/build/CMakeFiles/CMakeTmp/CMakeFiles 1
Building C object CMakeFiles/cmTryCompileExec.dir/SIZEOF_LONG_LONG.c.o
/usr/bin/gcc   -g -O2 -fomit-frame-pointer     -o CMakeFiles/cmTryCompileExec.dir/SIZEOF_LONG_LONG.c.o   -c /home/extra/src/Squeak-4.0.3.2202-src/build/CMakeFiles/CheckTypeSize/SIZEOF_LONG_LONG.c
Linking C executable cmTryCompileExec
/usr/bin/cmake -E cmake_link_script CMakeFiles/cmTryCompileExec.dir/link.txt --verbose=1
/usr/bin/gcc   -g -O2 -fomit-frame-pointer     CMakeFiles/cmTryCompileExec.dir/SIZEOF_LONG_LONG.c.o  -o cmTryCompileExec -rdynamic 
make[1]: Leaving directory `/home/extra/src/Squeak-4.0.3.2202-src/build/CMakeFiles/CMakeTmp'


Determining size of void * passed with the following output:
Change Dir: /home/extra/src/Squeak-4.0.3.2202-src/build/CMakeFiles/CMakeTmp

Run Build Command:/usr/bin/make "cmTryCompileExec/fast"
/usr/bin/make -f CMakeFiles/cmTryCompileExec.dir/build.make CMakeFiles/cmTryCompileExec.dir/build
make[1]: Entering directory `/home/extra/src/Squeak-4.0.3.2202-src/build/CMakeFiles/CMakeTmp'
/usr/bin/cmake -E cmake_progress_report /home/extra/src/Squeak-4.0.3.2202-src/build/CMakeFiles/CMakeTmp/CMakeFiles 1
Building C object CMakeFiles/cmTryCompileExec.dir/SIZEOF_VOID_P.c.o
/usr/bin/gcc   -g -O2 -fomit-frame-pointer     -o CMakeFiles/cmTryCompileExec.dir/SIZEOF_VOID_P.c.o   -c /home/extra/src/Squeak-4.0.3.2202-src/build/CMakeFiles/CheckTypeSize/SIZEOF_VOID_P.c
Linking C executable cmTryCompileExec
/usr/bin/cmake -E cmake_link_script CMakeFiles/cmTryCompileExec.dir/link.txt --verbose=1
/usr/bin/gcc   -g -O2 -fomit-frame-pointer     CMakeFiles/cmTryCompileExec.dir/SIZEOF_VOID_P.c.o  -o cmTryCompileExec -rdynamic 
make[1]: Leaving directory `/home/extra/src/Squeak-4.0.3.2202-src/build/CMakeFiles/CMakeTmp'


Determining if the include file alloca.h exists passed with the following output:
Change Dir: /home/extra/src/Squeak-4.0.3.2202-src/build/CMakeFiles/CMakeTmp

Run Build Command:/usr/bin/make "cmTryCompileExec/fast"
/usr/bin/make -f CMakeFiles/cmTryCompileExec.dir/build.make CMakeFiles/cmTryCompileExec.dir/build
make[1]: Entering directory `/home/extra/src/Squeak-4.0.3.2202-src/build/CMakeFiles/CMakeTmp'
/usr/bin/cmake -E cmake_progress_report /home/extra/src/Squeak-4.0.3.2202-src/build/CMakeFiles/CMakeTmp/CMakeFiles 1
Building C object CMakeFiles/cmTryCompileExec.dir/CheckIncludeFile.c.o
/usr/bin/gcc   -g -O2 -fomit-frame-pointer     -o CMakeFiles/cmTryCompileExec.dir/CheckIncludeFile.c.o   -c /home/extra/src/Squeak-4.0.3.2202-src/build/CMakeFiles/CMakeTmp/CheckIncludeFile.c
Linking C executable cmTryCompileExec
/usr/bin/cmake -E cmake_link_script CMakeFiles/cmTryCompileExec.dir/link.txt --verbose=1
/usr/bin/gcc   -g -O2 -fomit-frame-pointer     CMakeFiles/cmTryCompileExec.dir/CheckIncludeFile.c.o  -o cmTryCompileExec -rdynamic 
make[1]: Leaving directory `/home/extra/src/Squeak-4.0.3.2202-src/build/CMakeFiles/CMakeTmp'


Determining if the include file sys/time.h exists passed with the following output:
Change Dir: /home/extra/src/Squeak-4.0.3.2202-src/build/CMakeFiles/CMakeTmp

Run Build Command:/usr/bin/make "cmTryCompileExec/fast"
/usr/bin/make -f CMakeFiles/cmTryCompileExec.dir/build.make CMakeFiles/cmTryCompileExec.dir/build
make[1]: Entering directory `/home/extra/src/Squeak-4.0.3.2202-src/build/CMakeFiles/CMakeTmp'
/usr/bin/cmake -E cmake_progress_report /home/extra/src/Squeak-4.0.3.2202-src/build/CMakeFiles/CMakeTmp/CMakeFiles 1
Building C object CMakeFiles/cmTryCompileExec.dir/CheckIncludeFile.c.o
/usr/bin/gcc   -g -O2 -fomit-frame-pointer     -o CMakeFiles/cmTryCompileExec.dir/CheckIncludeFile.c.o   -c /home/extra/src/Squeak-4.0.3.2202-src/build/CMakeFiles/CMakeTmp/CheckIncludeFile.c
Linking C executable cmTryCompileExec
/usr/bin/cmake -E cmake_link_script CMakeFiles/cmTryCompileExec.dir/link.txt --verbose=1
/usr/bin/gcc   -g -O2 -fomit-frame-pointer     CMakeFiles/cmTryCompileExec.dir/CheckIncludeFile.c.o  -o cmTryCompileExec -rdynamic 
make[1]: Leaving directory `/home/extra/src/Squeak-4.0.3.2202-src/build/CMakeFiles/CMakeTmp'


Determining if the function nanosleep exists passed with the following output:
Change Dir: /home/extra/src/Squeak-4.0.3.2202-src/build/CMakeFiles/CMakeTmp

Run Build Command:/usr/bin/make "cmTryCompileExec/fast"
/usr/bin/make -f CMakeFiles/cmTryCompileExec.dir/build.make CMakeFiles/cmTryCompileExec.dir/build
make[1]: Entering directory `/home/extra/src/Squeak-4.0.3.2202-src/build/CMakeFiles/CMakeTmp'
/usr/bin/cmake -E cmake_progress_report /home/extra/src/Squeak-4.0.3.2202-src/build/CMakeFiles/CMakeTmp/CMakeFiles 1
Building C object CMakeFiles/cmTryCompileExec.dir/CheckFunctionExists.c.o
/usr/bin/gcc   -g -O2 -fomit-frame-pointer  -DCHECK_FUNCTION_EXISTS=nanosleep   -o CMakeFiles/cmTryCompileExec.dir/CheckFunctionExists.c.o   -c /usr/share/cmake-2.8/Modules/CheckFunctionExists.c
Linking C executable cmTryCompileExec
/usr/bin/cmake -E cmake_link_script CMakeFiles/cmTryCompileExec.dir/link.txt --verbose=1
/usr/bin/gcc   -g -O2 -fomit-frame-pointer  -DCHECK_FUNCTION_EXISTS=nanosleep   CMakeFiles/cmTryCompileExec.dir/CheckFunctionExists.c.o  -o cmTryCompileExec -rdynamic 
make[1]: Leaving directory `/home/extra/src/Squeak-4.0.3.2202-src/build/CMakeFiles/CMakeTmp'


Determining if the include file iconv.h exists passed with the following output:
Change Dir: /home/extra/src/Squeak-4.0.3.2202-src/build/CMakeFiles/CMakeTmp

Run Build Command:/usr/bin/make "cmTryCompileExec/fast"
/usr/bin/make -f CMakeFiles/cmTryCompileExec.dir/build.make CMakeFiles/cmTryCompileExec.dir/build
make[1]: Entering directory `/home/extra/src/Squeak-4.0.3.2202-src/build/CMakeFiles/CMakeTmp'
/usr/bin/cmake -E cmake_progress_report /home/extra/src/Squeak-4.0.3.2202-src/build/CMakeFiles/CMakeTmp/CMakeFiles 1
Building C object CMakeFiles/cmTryCompileExec.dir/CheckIncludeFile.c.o
/usr/bin/gcc   -g -O2 -fomit-frame-pointer     -o CMakeFiles/cmTryCompileExec.dir/CheckIncludeFile.c.o   -c /home/extra/src/Squeak-4.0.3.2202-src/build/CMakeFiles/CMakeTmp/CheckIncludeFile.c
Linking C executable cmTryCompileExec
/usr/bin/cmake -E cmake_link_script CMakeFiles/cmTryCompileExec.dir/link.txt --verbose=1
/usr/bin/gcc   -g -O2 -fomit-frame-pointer     CMakeFiles/cmTryCompileExec.dir/CheckIncludeFile.c.o  -o cmTryCompileExec -rdynamic 
make[1]: Leaving directory `/home/extra/src/Squeak-4.0.3.2202-src/build/CMakeFiles/CMakeTmp'


Determining if the include file langinfo.h exists passed with the following output:
Change Dir: /home/extra/src/Squeak-4.0.3.2202-src/build/CMakeFiles/CMakeTmp

Run Build Command:/usr/bin/make "cmTryCompileExec/fast"
/usr/bin/make -f CMakeFiles/cmTryCompileExec.dir/build.make CMakeFiles/cmTryCompileExec.dir/build
make[1]: Entering directory `/home/extra/src/Squeak-4.0.3.2202-src/build/CMakeFiles/CMakeTmp'
/usr/bin/cmake -E cmake_progress_report /home/extra/src/Squeak-4.0.3.2202-src/build/CMakeFiles/CMakeTmp/CMakeFiles 1
Building C object CMakeFiles/cmTryCompileExec.dir/CheckIncludeFile.c.o
/usr/bin/gcc   -g -O2 -fomit-frame-pointer     -o CMakeFiles/cmTryCompileExec.dir/CheckIncludeFile.c.o   -c /home/extra/src/Squeak-4.0.3.2202-src/build/CMakeFiles/CMakeTmp/CheckIncludeFile.c
Linking C executable cmTryCompileExec
/usr/bin/cmake -E cmake_link_script CMakeFiles/cmTryCompileExec.dir/link.txt --verbose=1
/usr/bin/gcc   -g -O2 -fomit-frame-pointer     CMakeFiles/cmTryCompileExec.dir/CheckIncludeFile.c.o  -o cmTryCompileExec -rdynamic 
make[1]: Leaving directory `/home/extra/src/Squeak-4.0.3.2202-src/build/CMakeFiles/CMakeTmp'


Determining if the include file dlfcn.h exists passed with the following output:
Change Dir: /home/extra/src/Squeak-4.0.3.2202-src/build/CMakeFiles/CMakeTmp

Run Build Command:/usr/bin/make "cmTryCompileExec/fast"
/usr/bin/make -f CMakeFiles/cmTryCompileExec.dir/build.make CMakeFiles/cmTryCompileExec.dir/build
make[1]: Entering directory `/home/extra/src/Squeak-4.0.3.2202-src/build/CMakeFiles/CMakeTmp'
/usr/bin/cmake -E cmake_progress_report /home/extra/src/Squeak-4.0.3.2202-src/build/CMakeFiles/CMakeTmp/CMakeFiles 1
Building C object CMakeFiles/cmTryCompileExec.dir/CheckIncludeFile.c.o
/usr/bin/gcc   -g -O2 -fomit-frame-pointer     -o CMakeFiles/cmTryCompileExec.dir/CheckIncludeFile.c.o   -c /home/extra/src/Squeak-4.0.3.2202-src/build/CMakeFiles/CMakeTmp/CheckIncludeFile.c
Linking C executable cmTryCompileExec
/usr/bin/cmake -E cmake_link_script CMakeFiles/cmTryCompileExec.dir/link.txt --verbose=1
/usr/bin/gcc   -g -O2 -fomit-frame-pointer     CMakeFiles/cmTryCompileExec.dir/CheckIncludeFile.c.o  -o cmTryCompileExec -rdynamic 
make[1]: Leaving directory `/home/extra/src/Squeak-4.0.3.2202-src/build/CMakeFiles/CMakeTmp'


Determining if the function dlopen exists in the dl passed with the following output:
Change Dir: /home/extra/src/Squeak-4.0.3.2202-src/build/CMakeFiles/CMakeTmp

Run Build Command:/usr/bin/make "cmTryCompileExec/fast"
/usr/bin/make -f CMakeFiles/cmTryCompileExec.dir/build.make CMakeFiles/cmTryCompileExec.dir/build
make[1]: Entering directory `/home/extra/src/Squeak-4.0.3.2202-src/build/CMakeFiles/CMakeTmp'
/usr/bin/cmake -E cmake_progress_report /home/extra/src/Squeak-4.0.3.2202-src/build/CMakeFiles/CMakeTmp/CMakeFiles 1
Building C object CMakeFiles/cmTryCompileExec.dir/CheckFunctionExists.c.o
/usr/bin/gcc   -g -O2 -fomit-frame-pointer  -DCHECK_FUNCTION_EXISTS=dlopen   -o CMakeFiles/cmTryCompileExec.dir/CheckFunctionExists.c.o   -c /usr/share/cmake-2.8/Modules/CheckFunctionExists.c
Linking C executable cmTryCompileExec
/usr/bin/cmake -E cmake_link_script CMakeFiles/cmTryCompileExec.dir/link.txt --verbose=1
/usr/bin/gcc   -g -O2 -fomit-frame-pointer  -DCHECK_FUNCTION_EXISTS=dlopen   CMakeFiles/cmTryCompileExec.dir/CheckFunctionExists.c.o  -o cmTryCompileExec -rdynamic -ldl 
make[1]: Leaving directory `/home/extra/src/Squeak-4.0.3.2202-src/build/CMakeFiles/CMakeTmp'


Determining if the function snprintf exists passed with the following output:
Change Dir: /home/extra/src/Squeak-4.0.3.2202-src/build/CMakeFiles/CMakeTmp

Run Build Command:/usr/bin/make "cmTryCompileExec/fast"
/usr/bin/make -f CMakeFiles/cmTryCompileExec.dir/build.make CMakeFiles/cmTryCompileExec.dir/build
make[1]: Entering directory `/home/extra/src/Squeak-4.0.3.2202-src/build/CMakeFiles/CMakeTmp'
/usr/bin/cmake -E cmake_progress_report /home/extra/src/Squeak-4.0.3.2202-src/build/CMakeFiles/CMakeTmp/CMakeFiles 1
Building C object CMakeFiles/cmTryCompileExec.dir/CheckFunctionExists.c.o
/usr/bin/gcc   -g -O2 -fomit-frame-pointer  -DCHECK_FUNCTION_EXISTS=snprintf   -o CMakeFiles/cmTryCompileExec.dir/CheckFunctionExists.c.o   -c /usr/share/cmake-2.8/Modules/CheckFunctionExists.c
/usr/share/cmake-2.8/Modules/CheckFunctionExists.c:3: warning: conflicting types for built-in function ‘snprintf’
Linking C executable cmTryCompileExec
/usr/bin/cmake -E cmake_link_script CMakeFiles/cmTryCompileExec.dir/link.txt --verbose=1
/usr/bin/gcc   -g -O2 -fomit-frame-pointer  -DCHECK_FUNCTION_EXISTS=snprintf   CMakeFiles/cmTryCompileExec.dir/CheckFunctionExists.c.o  -o cmTryCompileExec -rdynamic 
make[1]: Leaving directory `/home/extra/src/Squeak-4.0.3.2202-src/build/CMakeFiles/CMakeTmp'


Determining if the function tzset exists passed with the following output:
Change Dir: /home/extra/src/Squeak-4.0.3.2202-src/build/CMakeFiles/CMakeTmp

Run Build Command:/usr/bin/make "cmTryCompileExec/fast"
/usr/bin/make -f CMakeFiles/cmTryCompileExec.dir/build.make CMakeFiles/cmTryCompileExec.dir/build
make[1]: Entering directory `/home/extra/src/Squeak-4.0.3.2202-src/build/CMakeFiles/CMakeTmp'
/usr/bin/cmake -E cmake_progress_report /home/extra/src/Squeak-4.0.3.2202-src/build/CMakeFiles/CMakeTmp/CMakeFiles 1
Building C object CMakeFiles/cmTryCompileExec.dir/CheckFunctionExists.c.o
/usr/bin/gcc   -g -O2 -fomit-frame-pointer  -DCHECK_FUNCTION_EXISTS=tzset   -o CMakeFiles/cmTryCompileExec.dir/CheckFunctionExists.c.o   -c /usr/share/cmake-2.8/Modules/CheckFunctionExists.c
Linking C executable cmTryCompileExec
/usr/bin/cmake -E cmake_link_script CMakeFiles/cmTryCompileExec.dir/link.txt --verbose=1
/usr/bin/gcc   -g -O2 -fomit-frame-pointer  -DCHECK_FUNCTION_EXISTS=tzset   CMakeFiles/cmTryCompileExec.dir/CheckFunctionExists.c.o  -o cmTryCompileExec -rdynamic 
make[1]: Leaving directory `/home/extra/src/Squeak-4.0.3.2202-src/build/CMakeFiles/CMakeTmp'


Determining if the variable timezone exists passed with the following output:
Change Dir: /home/extra/src/Squeak-4.0.3.2202-src/build/CMakeFiles/CMakeTmp

Run Build Command:/usr/bin/make "cmTryCompileExec/fast"
/usr/bin/make -f CMakeFiles/cmTryCompileExec.dir/build.make CMakeFiles/cmTryCompileExec.dir/build
make[1]: Entering directory `/home/extra/src/Squeak-4.0.3.2202-src/build/CMakeFiles/CMakeTmp'
/usr/bin/cmake -E cmake_progress_report /home/extra/src/Squeak-4.0.3.2202-src/build/CMakeFiles/CMakeTmp/CMakeFiles 1
Building C object CMakeFiles/cmTryCompileExec.dir/CheckVariableExists.c.o
/usr/bin/gcc   -g -O2 -fomit-frame-pointer  -DCHECK_VARIABLE_EXISTS=timezone   -o CMakeFiles/cmTryCompileExec.dir/CheckVariableExists.c.o   -c /usr/share/cmake-2.8/Modules/CheckVariableExists.c
Linking C executable cmTryCompileExec
/usr/bin/cmake -E cmake_link_script CMakeFiles/cmTryCompileExec.dir/link.txt --verbose=1
/usr/bin/gcc   -g -O2 -fomit-frame-pointer  -DCHECK_VARIABLE_EXISTS=timezone   CMakeFiles/cmTryCompileExec.dir/CheckVariableExists.c.o  -o cmTryCompileExec -rdynamic 
make[1]: Leaving directory `/home/extra/src/Squeak-4.0.3.2202-src/build/CMakeFiles/CMakeTmp'


Performing C SOURCE FILE Test HAVE_TM_GMTOFF succeded with the following output:
Change Dir: /home/extra/src/Squeak-4.0.3.2202-src/build/CMakeFiles/CMakeTmp

Run Build Command:/usr/bin/make "cmTryCompileExec/fast"
/usr/bin/make -f CMakeFiles/cmTryCompileExec.dir/build.make CMakeFiles/cmTryCompileExec.dir/build
make[1]: Entering directory `/home/extra/src/Squeak-4.0.3.2202-src/build/CMakeFiles/CMakeTmp'
/usr/bin/cmake -E cmake_progress_report /home/extra/src/Squeak-4.0.3.2202-src/build/CMakeFiles/CMakeTmp/CMakeFiles 1
Building C object CMakeFiles/cmTryCompileExec.dir/src.c.o
/usr/bin/gcc   -g -O2 -fomit-frame-pointer  -DHAVE_TM_GMTOFF   -o CMakeFiles/cmTryCompileExec.dir/src.c.o   -c /home/extra/src/Squeak-4.0.3.2202-src/build/CMakeFiles/CMakeTmp/src.c
Linking C executable cmTryCompileExec
/usr/bin/cmake -E cmake_link_script CMakeFiles/cmTryCompileExec.dir/link.txt --verbose=1
/usr/bin/gcc   -g -O2 -fomit-frame-pointer  -DHAVE_TM_GMTOFF   CMakeFiles/cmTryCompileExec.dir/src.c.o  -o cmTryCompileExec -rdynamic 
make[1]: Leaving directory `/home/extra/src/Squeak-4.0.3.2202-src/build/CMakeFiles/CMakeTmp'

Source file was:

#include <time.h>

int main()
{
   struct tm* tmp;
   tmp->tm_gmtoff;
  return 0;
}

Determining if the function mmap exists passed with the following output:
Change Dir: /home/extra/src/Squeak-4.0.3.2202-src/build/CMakeFiles/CMakeTmp

Run Build Command:/usr/bin/make "cmTryCompileExec/fast"
/usr/bin/make -f CMakeFiles/cmTryCompileExec.dir/build.make CMakeFiles/cmTryCompileExec.dir/build
make[1]: Entering directory `/home/extra/src/Squeak-4.0.3.2202-src/build/CMakeFiles/CMakeTmp'
/usr/bin/cmake -E cmake_progress_report /home/extra/src/Squeak-4.0.3.2202-src/build/CMakeFiles/CMakeTmp/CMakeFiles 1
Building C object CMakeFiles/cmTryCompileExec.dir/CheckFunctionExists.c.o
/usr/bin/gcc   -g -O2 -fomit-frame-pointer  -DCHECK_FUNCTION_EXISTS=mmap   -o CMakeFiles/cmTryCompileExec.dir/CheckFunctionExists.c.o   -c /usr/share/cmake-2.8/Modules/CheckFunctionExists.c
Linking C executable cmTryCompileExec
/usr/bin/cmake -E cmake_link_script CMakeFiles/cmTryCompileExec.dir/link.txt --verbose=1
/usr/bin/gcc   -g -O2 -fomit-frame-pointer  -DCHECK_FUNCTION_EXISTS=mmap   CMakeFiles/cmTryCompileExec.dir/CheckFunctionExists.c.o  -o cmTryCompileExec -rdynamic 
make[1]: Leaving directory `/home/extra/src/Squeak-4.0.3.2202-src/build/CMakeFiles/CMakeTmp'


Determining if the include file dirent.h exists passed with the following output:
Change Dir: /home/extra/src/Squeak-4.0.3.2202-src/build/CMakeFiles/CMakeTmp

Run Build Command:/usr/bin/make "cmTryCompileExec/fast"
/usr/bin/make -f CMakeFiles/cmTryCompileExec.dir/build.make CMakeFiles/cmTryCompileExec.dir/build
make[1]: Entering directory `/home/extra/src/Squeak-4.0.3.2202-src/build/CMakeFiles/CMakeTmp'
/usr/bin/cmake -E cmake_progress_report /home/extra/src/Squeak-4.0.3.2202-src/build/CMakeFiles/CMakeTmp/CMakeFiles 1
Building C object CMakeFiles/cmTryCompileExec.dir/CheckIncludeFile.c.o
/usr/bin/gcc   -g -O2 -fomit-frame-pointer     -o CMakeFiles/cmTryCompileExec.dir/CheckIncludeFile.c.o   -c /home/extra/src/Squeak-4.0.3.2202-src/build/CMakeFiles/CMakeTmp/CheckIncludeFile.c
Linking C executable cmTryCompileExec
/usr/bin/cmake -E cmake_link_script CMakeFiles/cmTryCompileExec.dir/link.txt --verbose=1
/usr/bin/gcc   -g -O2 -fomit-frame-pointer     CMakeFiles/cmTryCompileExec.dir/CheckIncludeFile.c.o  -o cmTryCompileExec -rdynamic 
make[1]: Leaving directory `/home/extra/src/Squeak-4.0.3.2202-src/build/CMakeFiles/CMakeTmp'


Determining if the include file sys/dir.h exists passed with the following output:
Change Dir: /home/extra/src/Squeak-4.0.3.2202-src/build/CMakeFiles/CMakeTmp

Run Build Command:/usr/bin/make "cmTryCompileExec/fast"
/usr/bin/make -f CMakeFiles/cmTryCompileExec.dir/build.make CMakeFiles/cmTryCompileExec.dir/build
make[1]: Entering directory `/home/extra/src/Squeak-4.0.3.2202-src/build/CMakeFiles/CMakeTmp'
/usr/bin/cmake -E cmake_progress_report /home/extra/src/Squeak-4.0.3.2202-src/build/CMakeFiles/CMakeTmp/CMakeFiles 1
Building C object CMakeFiles/cmTryCompileExec.dir/CheckIncludeFile.c.o
/usr/bin/gcc   -g -O2 -fomit-frame-pointer     -o CMakeFiles/cmTryCompileExec.dir/CheckIncludeFile.c.o   -c /home/extra/src/Squeak-4.0.3.2202-src/build/CMakeFiles/CMakeTmp/CheckIncludeFile.c
Linking C executable cmTryCompileExec
/usr/bin/cmake -E cmake_link_script CMakeFiles/cmTryCompileExec.dir/link.txt --verbose=1
/usr/bin/gcc   -g -O2 -fomit-frame-pointer     CMakeFiles/cmTryCompileExec.dir/CheckIncludeFile.c.o  -o cmTryCompileExec -rdynamic 
make[1]: Leaving directory `/home/extra/src/Squeak-4.0.3.2202-src/build/CMakeFiles/CMakeTmp'


Determining if the include file unistd.h exists passed with the following output:
Change Dir: /home/extra/src/Squeak-4.0.3.2202-src/build/CMakeFiles/CMakeTmp

Run Build Command:/usr/bin/make "cmTryCompileExec/fast"
/usr/bin/make -f CMakeFiles/cmTryCompileExec.dir/build.make CMakeFiles/cmTryCompileExec.dir/build
make[1]: Entering directory `/home/extra/src/Squeak-4.0.3.2202-src/build/CMakeFiles/CMakeTmp'
/usr/bin/cmake -E cmake_progress_report /home/extra/src/Squeak-4.0.3.2202-src/build/CMakeFiles/CMakeTmp/CMakeFiles 1
Building C object CMakeFiles/cmTryCompileExec.dir/CheckIncludeFile.c.o
/usr/bin/gcc   -g -O2 -fomit-frame-pointer     -o CMakeFiles/cmTryCompileExec.dir/CheckIncludeFile.c.o   -c /home/extra/src/Squeak-4.0.3.2202-src/build/CMakeFiles/CMakeTmp/CheckIncludeFile.c
Linking C executable cmTryCompileExec
/usr/bin/cmake -E cmake_link_script CMakeFiles/cmTryCompileExec.dir/link.txt --verbose=1
/usr/bin/gcc   -g -O2 -fomit-frame-pointer     CMakeFiles/cmTryCompileExec.dir/CheckIncludeFile.c.o  -o cmTryCompileExec -rdynamic 
make[1]: Leaving directory `/home/extra/src/Squeak-4.0.3.2202-src/build/CMakeFiles/CMakeTmp'


Determining if the include file GL/gl.h exists passed with the following output:
Change Dir: /home/extra/src/Squeak-4.0.3.2202-src/build/CMakeFiles/CMakeTmp

Run Build Command:/usr/bin/make "cmTryCompileExec/fast"
/usr/bin/make -f CMakeFiles/cmTryCompileExec.dir/build.make CMakeFiles/cmTryCompileExec.dir/build
make[1]: Entering directory `/home/extra/src/Squeak-4.0.3.2202-src/build/CMakeFiles/CMakeTmp'
/usr/bin/cmake -E cmake_progress_report /home/extra/src/Squeak-4.0.3.2202-src/build/CMakeFiles/CMakeTmp/CMakeFiles 1
Building C object CMakeFiles/cmTryCompileExec.dir/CheckIncludeFile.c.o
/usr/bin/gcc   -g -O2 -fomit-frame-pointer -I/usr/include     -o CMakeFiles/cmTryCompileExec.dir/CheckIncludeFile.c.o   -c /home/extra/src/Squeak-4.0.3.2202-src/build/CMakeFiles/CMakeTmp/CheckIncludeFile.c
Linking C executable cmTryCompileExec
/usr/bin/cmake -E cmake_link_script CMakeFiles/cmTryCompileExec.dir/link.txt --verbose=1
/usr/bin/gcc   -g -O2 -fomit-frame-pointer -I/usr/include     CMakeFiles/cmTryCompileExec.dir/CheckIncludeFile.c.o  -o cmTryCompileExec -rdynamic 
make[1]: Leaving directory `/home/extra/src/Squeak-4.0.3.2202-src/build/CMakeFiles/CMakeTmp'


Determining if the function openpty exists in the util passed with the following output:
Change Dir: /home/extra/src/Squeak-4.0.3.2202-src/build/CMakeFiles/CMakeTmp

Run Build Command:/usr/bin/make "cmTryCompileExec/fast"
/usr/bin/make -f CMakeFiles/cmTryCompileExec.dir/build.make CMakeFiles/cmTryCompileExec.dir/build
make[1]: Entering directory `/home/extra/src/Squeak-4.0.3.2202-src/build/CMakeFiles/CMakeTmp'
/usr/bin/cmake -E cmake_progress_report /home/extra/src/Squeak-4.0.3.2202-src/build/CMakeFiles/CMakeTmp/CMakeFiles 1
Building C object CMakeFiles/cmTryCompileExec.dir/CheckFunctionExists.c.o
/usr/bin/gcc   -g -O2 -fomit-frame-pointer  -DCHECK_FUNCTION_EXISTS=openpty   -o CMakeFiles/cmTryCompileExec.dir/CheckFunctionExists.c.o   -c /usr/share/cmake-2.8/Modules/CheckFunctionExists.c
Linking C executable cmTryCompileExec
/usr/bin/cmake -E cmake_link_script CMakeFiles/cmTryCompileExec.dir/link.txt --verbose=1
/usr/bin/gcc   -g -O2 -fomit-frame-pointer  -DCHECK_FUNCTION_EXISTS=openpty   CMakeFiles/cmTryCompileExec.dir/CheckFunctionExists.c.o  -o cmTryCompileExec -rdynamic -lutil 
make[1]: Leaving directory `/home/extra/src/Squeak-4.0.3.2202-src/build/CMakeFiles/CMakeTmp'


Determining if the function unsetenv exists passed with the following output:
Change Dir: /home/extra/src/Squeak-4.0.3.2202-src/build/CMakeFiles/CMakeTmp

Run Build Command:/usr/bin/make "cmTryCompileExec/fast"
/usr/bin/make -f CMakeFiles/cmTryCompileExec.dir/build.make CMakeFiles/cmTryCompileExec.dir/build
make[1]: Entering directory `/home/extra/src/Squeak-4.0.3.2202-src/build/CMakeFiles/CMakeTmp'
/usr/bin/cmake -E cmake_progress_report /home/extra/src/Squeak-4.0.3.2202-src/build/CMakeFiles/CMakeTmp/CMakeFiles 1
Building C object CMakeFiles/cmTryCompileExec.dir/CheckFunctionExists.c.o
/usr/bin/gcc   -g -O2 -fomit-frame-pointer  -DCHECK_FUNCTION_EXISTS=unsetenv   -o CMakeFiles/cmTryCompileExec.dir/CheckFunctionExists.c.o   -c /usr/share/cmake-2.8/Modules/CheckFunctionExists.c
Linking C executable cmTryCompileExec
/usr/bin/cmake -E cmake_link_script CMakeFiles/cmTryCompileExec.dir/link.txt --verbose=1
/usr/bin/gcc   -g -O2 -fomit-frame-pointer  -DCHECK_FUNCTION_EXISTS=unsetenv   CMakeFiles/cmTryCompileExec.dir/CheckFunctionExists.c.o  -o cmTryCompileExec -rdynamic 
make[1]: Leaving directory `/home/extra/src/Squeak-4.0.3.2202-src/build/CMakeFiles/CMakeTmp'


Determining if the function XShmAttach exists in the Xext passed with the following output:
Change Dir: /home/extra/src/Squeak-4.0.3.2202-src/build/CMakeFiles/CMakeTmp

Run Build Command:/usr/bin/make "cmTryCompileExec/fast"
/usr/bin/make -f CMakeFiles/cmTryCompileExec.dir/build.make CMakeFiles/cmTryCompileExec.dir/build
make[1]: Entering directory `/home/extra/src/Squeak-4.0.3.2202-src/build/CMakeFiles/CMakeTmp'
/usr/bin/cmake -E cmake_progress_report /home/extra/src/Squeak-4.0.3.2202-src/build/CMakeFiles/CMakeTmp/CMakeFiles 1
Building C object CMakeFiles/cmTryCompileExec.dir/CheckFunctionExists.c.o
/usr/bin/gcc   -g -O2 -fomit-frame-pointer  -DCHECK_FUNCTION_EXISTS=XShmAttach   -o CMakeFiles/cmTryCompileExec.dir/CheckFunctionExists.c.o   -c /usr/share/cmake-2.8/Modules/CheckFunctionExists.c
Linking C executable cmTryCompileExec
/usr/bin/cmake -E cmake_link_script CMakeFiles/cmTryCompileExec.dir/link.txt --verbose=1
/usr/bin/gcc   -g -O2 -fomit-frame-pointer  -DCHECK_FUNCTION_EXISTS=XShmAttach   CMakeFiles/cmTryCompileExec.dir/CheckFunctionExists.c.o  -o cmTryCompileExec -rdynamic -lXext 
make[1]: Leaving directory `/home/extra/src/Squeak-4.0.3.2202-src/build/CMakeFiles/CMakeTmp'


Determining if the include file X11/extensions/Xrender.h exists passed with the following output:
Change Dir: /home/extra/src/Squeak-4.0.3.2202-src/build/CMakeFiles/CMakeTmp

Run Build Command:/usr/bin/make "cmTryCompileExec/fast"
/usr/bin/make -f CMakeFiles/cmTryCompileExec.dir/build.make CMakeFiles/cmTryCompileExec.dir/build
make[1]: Entering directory `/home/extra/src/Squeak-4.0.3.2202-src/build/CMakeFiles/CMakeTmp'
/usr/bin/cmake -E cmake_progress_report /home/extra/src/Squeak-4.0.3.2202-src/build/CMakeFiles/CMakeTmp/CMakeFiles 1
Building C object CMakeFiles/cmTryCompileExec.dir/CheckIncludeFile.c.o
/usr/bin/gcc   -g -O2 -fomit-frame-pointer -I/usr/include     -o CMakeFiles/cmTryCompileExec.dir/CheckIncludeFile.c.o   -c /home/extra/src/Squeak-4.0.3.2202-src/build/CMakeFiles/CMakeTmp/CheckIncludeFile.c
Linking C executable cmTryCompileExec
/usr/bin/cmake -E cmake_link_script CMakeFiles/cmTryCompileExec.dir/link.txt --verbose=1
/usr/bin/gcc   -g -O2 -fomit-frame-pointer -I/usr/include     CMakeFiles/cmTryCompileExec.dir/CheckIncludeFile.c.o  -o cmTryCompileExec -rdynamic 
make[1]: Leaving directory `/home/extra/src/Squeak-4.0.3.2202-src/build/CMakeFiles/CMakeTmp'


Determining if the function XRenderQueryVersion exists in the Xrender passed with the following output:
Change Dir: /home/extra/src/Squeak-4.0.3.2202-src/build/CMakeFiles/CMakeTmp

Run Build Command:/usr/bin/make "cmTryCompileExec/fast"
/usr/bin/make -f CMakeFiles/cmTryCompileExec.dir/build.make CMakeFiles/cmTryCompileExec.dir/build
make[1]: Entering directory `/home/extra/src/Squeak-4.0.3.2202-src/build/CMakeFiles/CMakeTmp'
/usr/bin/cmake -E cmake_progress_report /home/extra/src/Squeak-4.0.3.2202-src/build/CMakeFiles/CMakeTmp/CMakeFiles 1
Building C object CMakeFiles/cmTryCompileExec.dir/CheckFunctionExists.c.o
/usr/bin/gcc   -g -O2 -fomit-frame-pointer  -DCHECK_FUNCTION_EXISTS=XRenderQueryVersion   -o CMakeFiles/cmTryCompileExec.dir/CheckFunctionExists.c.o   -c /usr/share/cmake-2.8/Modules/CheckFunctionExists.c
Linking C executable cmTryCompileExec
/usr/bin/cmake -E cmake_link_script CMakeFiles/cmTryCompileExec.dir/link.txt --verbose=1
/usr/bin/gcc   -g -O2 -fomit-frame-pointer  -DCHECK_FUNCTION_EXISTS=XRenderQueryVersion   CMakeFiles/cmTryCompileExec.dir/CheckFunctionExists.c.o  -o cmTryCompileExec -rdynamic -lXrender 
make[1]: Leaving directory `/home/extra/src/Squeak-4.0.3.2202-src/build/CMakeFiles/CMakeTmp'


Determining if the include file GL/glx.h exists passed with the following output:
Change Dir: /home/extra/src/Squeak-4.0.3.2202-src/build/CMakeFiles/CMakeTmp

Run Build Command:/usr/bin/make "cmTryCompileExec/fast"
/usr/bin/make -f CMakeFiles/cmTryCompileExec.dir/build.make CMakeFiles/cmTryCompileExec.dir/build
make[1]: Entering directory `/home/extra/src/Squeak-4.0.3.2202-src/build/CMakeFiles/CMakeTmp'
/usr/bin/cmake -E cmake_progress_report /home/extra/src/Squeak-4.0.3.2202-src/build/CMakeFiles/CMakeTmp/CMakeFiles 1
Building C object CMakeFiles/cmTryCompileExec.dir/CheckIncludeFile.c.o
/usr/bin/gcc   -g -O2 -fomit-frame-pointer -I/usr/include     -o CMakeFiles/cmTryCompileExec.dir/CheckIncludeFile.c.o   -c /home/extra/src/Squeak-4.0.3.2202-src/build/CMakeFiles/CMakeTmp/CheckIncludeFile.c
Linking C executable cmTryCompileExec
/usr/bin/cmake -E cmake_link_script CMakeFiles/cmTryCompileExec.dir/link.txt --verbose=1
/usr/bin/gcc   -g -O2 -fomit-frame-pointer -I/usr/include     CMakeFiles/cmTryCompileExec.dir/CheckIncludeFile.c.o  -o cmTryCompileExec -rdynamic 
make[1]: Leaving directory `/home/extra/src/Squeak-4.0.3.2202-src/build/CMakeFiles/CMakeTmp'


Determining if the include file sys/select.h exists passed with the following output:
Change Dir: /home/extra/src/Squeak-4.0.3.2202-src/build/CMakeFiles/CMakeTmp

Run Build Command:/usr/bin/make "cmTryCompileExec/fast"
/usr/bin/make -f CMakeFiles/cmTryCompileExec.dir/build.make CMakeFiles/cmTryCompileExec.dir/build
make[1]: Entering directory `/home/extra/src/Squeak-4.0.3.2202-src/build/CMakeFiles/CMakeTmp'
/usr/bin/cmake -E cmake_progress_report /home/extra/src/Squeak-4.0.3.2202-src/build/CMakeFiles/CMakeTmp/CMakeFiles 1
Building C object CMakeFiles/cmTryCompileExec.dir/CheckIncludeFile.c.o
/usr/bin/gcc   -g -O2 -fomit-frame-pointer     -o CMakeFiles/cmTryCompileExec.dir/CheckIncludeFile.c.o   -c /home/extra/src/Squeak-4.0.3.2202-src/build/CMakeFiles/CMakeTmp/CheckIncludeFile.c
Linking C executable cmTryCompileExec
/usr/bin/cmake -E cmake_link_script CMakeFiles/cmTryCompileExec.dir/link.txt --verbose=1
/usr/bin/gcc   -g -O2 -fomit-frame-pointer     CMakeFiles/cmTryCompileExec.dir/CheckIncludeFile.c.o  -o cmTryCompileExec -rdynamic 
make[1]: Leaving directory `/home/extra/src/Squeak-4.0.3.2202-src/build/CMakeFiles/CMakeTmp'


